<?xml version="1.0" encoding="UTF-8"?>
<!-- Generated by org.testng.reporters.JUnitReportReporter -->
<testsuite hostname="DESKTOP-G61E0GK" failures="0" tests="4" name="test.TestNgClass" time="23.913" errors="0" timestamp="2022-09-19T04:25:38 GMT-07:00" skipped="0">
  <testcase classname="test.TestNgClass" name="goBackToMessenger" time="7.165"/>
  <system-out/>
  <testcase classname="test.TestNgClass" name="goBackToMessenger" time="6.320"/>
  <system-out/>
  <testcase classname="test.TestNgClass" name="contactToHelpCenter" time="5.086"/>
  <system-out/>
  <testcase classname="test.TestNgClass" name="contactToHelpCenter" time="5.342"/>
  <system-out/>
</testsuite> <!-- test.TestNgClass -->
