<?xml version="1.0" encoding="UTF-8"?>
<!-- Generated by org.testng.reporters.JUnitReportReporter -->
<testsuite hostname="DESKTOP-G61E0GK" failures="0" tests="2" name="testA.TestNgClass" time="47.613" errors="0" timestamp="2022-09-19T04:25:38 GMT-07:00" skipped="0">
  <testcase classname="testA.TestNgClass" name="test1" time="22.853"/>
  <system-out/>
  <testcase classname="testA.TestNgClass" name="test1" time="24.760"/>
  <system-out/>
</testsuite> <!-- testA.TestNgClass -->
